<?xml version="1.0" encoding="UTF-8"?>
<!-- Generated by org.testng.reporters.JUnitReportReporter -->
<testsuite hostname="rvg0607" failures="0" tests="1" name="ECommerce.ECommerce.AppTest" time="3.158" errors="0" timestamp="2024-06-10T10:40:31 IST" skipped="0">
  <testcase classname="ECommerce.ECommerce.AppTest" name="shouldAnswerWithTrue" time="3.158"/>
</testsuite> <!-- ECommerce.ECommerce.AppTest -->
